<?xml version="1.0" encoding="UTF-8"?>
<!-- Generated by org.testng.reporters.JUnitXMLReporter -->
<testsuite ignored="0" hostname="LAPTOP-C0262QM5" failures="0" tests="10" name="6.2 Selenium - TextBox WhiteBox" time="85.293" errors="0" timestamp="2026-03-10T14:42:18 ICT">
  <testcase classname="com.example.TextBoxWhiteBoxTest" name="testAllEmpty" time="0.148"/>
  <testcase classname="com.example.TextBoxWhiteBoxTest" name="testEmailOnlyAt" time="0.528"/>
  <testcase classname="com.example.TextBoxWhiteBoxTest" name="testEmailWithSpace" time="0.414"/>
  <testcase classname="com.example.TextBoxWhiteBoxTest" name="testEmptyEmail_ValidSubmit" time="0.447"/>
  <testcase classname="com.example.TextBoxWhiteBoxTest" name="testInvalidEmail_IncompleteDomain" time="0.487"/>
  <testcase classname="com.example.TextBoxWhiteBoxTest" name="testInvalidEmail_NoAt" time="0.481"/>
  <testcase classname="com.example.TextBoxWhiteBoxTest" name="testLongName" time="0.796"/>
  <testcase classname="com.example.TextBoxWhiteBoxTest" name="testOnlyValidEmail" time="0.519"/>
  <testcase classname="com.example.TextBoxWhiteBoxTest" name="testSpecialCharsInName" time="0.648"/>
  <testcase classname="com.example.TextBoxWhiteBoxTest" name="testValidFullData" time="0.802"/>
</testsuite> <!-- 6.2 Selenium - TextBox WhiteBox -->
