<?xml version="1.0" encoding="UTF-8"?>
<testng-results ignored="0" total="12" passed="12" failed="0" skipped="0">
  <reporter-output>
  </reporter-output>
  <suite started-at="2026-03-10T14:00:37 ICT" name="Bai3 - White-Box Testing Coverage" finished-at="2026-03-10T14:00:38 ICT" duration-ms="80">
    <groups>
    </groups>
    <test started-at="2026-03-10T14:00:37 ICT" name="Bai 3.1 - XepLoai Branch Coverage" finished-at="2026-03-10T14:00:38 ICT" duration-ms="40">
      <class name="com.example.XepLoaiTest">
        <test-method signature="testDiem3CoThiLai_ThiLai()[pri:0, instance:com.example.XepLoaiTest@12b0404f]" started-at="2026-03-10T14:00:37 ICT" name="testDiem3CoThiLai_ThiLai" finished-at="2026-03-10T14:00:37 ICT" duration-ms="5" status="PASS">
          <reporter-output>
          </reporter-output>
        </test-method> <!-- testDiem3CoThiLai_ThiLai -->
        <test-method signature="testDiem3KhongThiLai_YeuHocLai()[pri:0, instance:com.example.XepLoaiTest@12b0404f]" started-at="2026-03-10T14:00:37 ICT" name="testDiem3KhongThiLai_YeuHocLai" finished-at="2026-03-10T14:00:37 ICT" duration-ms="2" status="PASS">
          <reporter-output>
          </reporter-output>
        </test-method> <!-- testDiem3KhongThiLai_YeuHocLai -->
        <test-method signature="testDiem6_XepLoaiTrungBinh()[pri:0, instance:com.example.XepLoaiTest@12b0404f]" started-at="2026-03-10T14:00:37 ICT" name="testDiem6_XepLoaiTrungBinh" finished-at="2026-03-10T14:00:37 ICT" duration-ms="0" status="PASS">
          <reporter-output>
          </reporter-output>
        </test-method> <!-- testDiem6_XepLoaiTrungBinh -->
        <test-method signature="testDiem7_XepLoaiKha()[pri:0, instance:com.example.XepLoaiTest@12b0404f]" started-at="2026-03-10T14:00:38 ICT" name="testDiem7_XepLoaiKha" finished-at="2026-03-10T14:00:38 ICT" duration-ms="0" status="PASS">
          <reporter-output>
          </reporter-output>
        </test-method> <!-- testDiem7_XepLoaiKha -->
        <test-method signature="testDiem9_XepLoaiGioi()[pri:0, instance:com.example.XepLoaiTest@12b0404f]" started-at="2026-03-10T14:00:38 ICT" name="testDiem9_XepLoaiGioi" finished-at="2026-03-10T14:00:38 ICT" duration-ms="0" status="PASS">
          <reporter-output>
          </reporter-output>
        </test-method> <!-- testDiem9_XepLoaiGioi -->
        <test-method signature="testDiemAm_DiemKhongHopLe()[pri:0, instance:com.example.XepLoaiTest@12b0404f]" started-at="2026-03-10T14:00:38 ICT" name="testDiemAm_DiemKhongHopLe" finished-at="2026-03-10T14:00:38 ICT" duration-ms="0" status="PASS">
          <reporter-output>
          </reporter-output>
        </test-method> <!-- testDiemAm_DiemKhongHopLe -->
      </class> <!-- com.example.XepLoaiTest -->
    </test> <!-- Bai 3.1 - XepLoai Branch Coverage -->
    <test started-at="2026-03-10T14:00:38 ICT" name="Bai 3.2 - TinhTienNuoc Branch Coverage" finished-at="2026-03-10T14:00:38 ICT" duration-ms="6">
      <class name="com.example.TinhTienNuocTest">
        <test-method signature="testDanCu_15m3_10Den20()[pri:0, instance:com.example.TinhTienNuocTest@e056f20]" started-at="2026-03-10T14:00:38 ICT" name="testDanCu_15m3_10Den20" finished-at="2026-03-10T14:00:38 ICT" duration-ms="2" status="PASS">
          <reporter-output>
          </reporter-output>
        </test-method> <!-- testDanCu_15m3_10Den20 -->
        <test-method signature="testDanCu_25m3_Tren20()[pri:0, instance:com.example.TinhTienNuocTest@e056f20]" started-at="2026-03-10T14:00:38 ICT" name="testDanCu_25m3_Tren20" finished-at="2026-03-10T14:00:38 ICT" duration-ms="0" status="PASS">
          <reporter-output>
          </reporter-output>
        </test-method> <!-- testDanCu_25m3_Tren20 -->
        <test-method signature="testDanCu_5m3_Duoi10()[pri:0, instance:com.example.TinhTienNuocTest@e056f20]" started-at="2026-03-10T14:00:38 ICT" name="testDanCu_5m3_Duoi10" finished-at="2026-03-10T14:00:38 ICT" duration-ms="0" status="PASS">
          <reporter-output>
          </reporter-output>
        </test-method> <!-- testDanCu_5m3_Duoi10 -->
        <test-method signature="testHoNgheo_5m3()[pri:0, instance:com.example.TinhTienNuocTest@e056f20]" started-at="2026-03-10T14:00:38 ICT" name="testHoNgheo_5m3" finished-at="2026-03-10T14:00:38 ICT" duration-ms="0" status="PASS">
          <reporter-output>
          </reporter-output>
        </test-method> <!-- testHoNgheo_5m3 -->
        <test-method signature="testKinhDoanh_5m3()[pri:0, instance:com.example.TinhTienNuocTest@e056f20]" started-at="2026-03-10T14:00:38 ICT" name="testKinhDoanh_5m3" finished-at="2026-03-10T14:00:38 ICT" duration-ms="1" status="PASS">
          <reporter-output>
          </reporter-output>
        </test-method> <!-- testKinhDoanh_5m3 -->
        <test-method signature="testSoM3BangKhong_TraVe0()[pri:0, instance:com.example.TinhTienNuocTest@e056f20]" started-at="2026-03-10T14:00:38 ICT" name="testSoM3BangKhong_TraVe0" finished-at="2026-03-10T14:00:38 ICT" duration-ms="0" status="PASS">
          <reporter-output>
          </reporter-output>
        </test-method> <!-- testSoM3BangKhong_TraVe0 -->
      </class> <!-- com.example.TinhTienNuocTest -->
    </test> <!-- Bai 3.2 - TinhTienNuoc Branch Coverage -->
  </suite> <!-- Bai3 - White-Box Testing Coverage -->
</testng-results>
