<?xml version="1.0" encoding="UTF-8"?>
<testng-results ignored="0" total="25" passed="25" failed="0" skipped="0">
  <reporter-output>
  </reporter-output>
  <suite started-at="2026-03-10T14:53:57 ICT" name="Bai7 - Comprehensive Test Suite (Allure + JaCoCo)" finished-at="2026-03-10T14:53:58 ICT" duration-ms="452">
    <groups>
    </groups>
    <test started-at="2026-03-10T14:53:57 ICT" name="OrderProcessor - BasisPath + MC/DC" finished-at="2026-03-10T14:53:58 ICT" duration-ms="452">
      <class name="com.example.OrderProcessorTest">
        <test-method is-config="true" signature="setUp()[pri:0, instance:com.example.OrderProcessorTest@58b71ceb]" started-at="2026-03-10T14:53:57 ICT" name="setUp" finished-at="2026-03-10T14:53:57 ICT" duration-ms="18" status="PASS">
          <reporter-output>
          </reporter-output>
        </test-method> <!-- setUp -->
        <test-method signature="testCalculateTotal_DataProvider(java.util.List,java.lang.String,java.lang.String,java.lang.String,double,java.lang.String)[pri:0, instance:com.example.OrderProcessorTest@58b71ceb]" started-at="2026-03-10T14:53:57 ICT" name="testCalculateTotal_DataProvider" description="DataProvider: Basis Path + MC/DC" data-provider="allTestCases" finished-at="2026-03-10T14:53:57 ICT" duration-ms="46" status="PASS">
          <params>
            <param index="0">
              <value>
                <![CDATA[[com.example.Item@7ee8130e]]]>
              </value>
            </param>
            <param index="1">
              <value is-null="true"/>
            </param>
            <param index="2">
              <value>
                <![CDATA[GOLD]]>
              </value>
            </param>
            <param index="3">
              <value>
                <![CDATA[MOMO]]>
              </value>
            </param>
            <param index="4">
              <value>
                <![CDATA[125000.0]]>
              </value>
            </param>
            <param index="5">
              <value>
                <![CDATA[P2: NoCoupon, GOLD, online]]>
              </value>
            </param>
          </params>
          <reporter-output>
          </reporter-output>
        </test-method> <!-- testCalculateTotal_DataProvider -->
        <test-method is-config="true" signature="setUp()[pri:0, instance:com.example.OrderProcessorTest@58b71ceb]" started-at="2026-03-10T14:53:58 ICT" name="setUp" finished-at="2026-03-10T14:53:58 ICT" duration-ms="1" status="PASS">
          <reporter-output>
          </reporter-output>
        </test-method> <!-- setUp -->
        <test-method signature="testCalculateTotal_DataProvider(java.util.List,java.lang.String,java.lang.String,java.lang.String,double,java.lang.String)[pri:0, instance:com.example.OrderProcessorTest@58b71ceb]" started-at="2026-03-10T14:53:58 ICT" name="testCalculateTotal_DataProvider" description="DataProvider: Basis Path + MC/DC" data-provider="allTestCases" finished-at="2026-03-10T14:53:58 ICT" duration-ms="3" status="PASS">
          <params>
            <param index="0">
              <value>
                <![CDATA[[com.example.Item@2e17a321]]]>
              </value>
            </param>
            <param index="1">
              <value is-null="true"/>
            </param>
            <param index="2">
              <value>
                <![CDATA[NORMAL]]>
              </value>
            </param>
            <param index="3">
              <value>
                <![CDATA[MOMO]]>
              </value>
            </param>
            <param index="4">
              <value>
                <![CDATA[130000.0]]>
              </value>
            </param>
            <param index="5">
              <value>
                <![CDATA[P3: NoCoupon, NORMAL, online]]>
              </value>
            </param>
          </params>
          <reporter-output>
          </reporter-output>
        </test-method> <!-- testCalculateTotal_DataProvider -->
        <test-method is-config="true" signature="setUp()[pri:0, instance:com.example.OrderProcessorTest@58b71ceb]" started-at="2026-03-10T14:53:58 ICT" name="setUp" finished-at="2026-03-10T14:53:58 ICT" duration-ms="0" status="PASS">
          <reporter-output>
          </reporter-output>
        </test-method> <!-- setUp -->
        <test-method signature="testCalculateTotal_DataProvider(java.util.List,java.lang.String,java.lang.String,java.lang.String,double,java.lang.String)[pri:0, instance:com.example.OrderProcessorTest@58b71ceb]" started-at="2026-03-10T14:53:58 ICT" name="testCalculateTotal_DataProvider" description="DataProvider: Basis Path + MC/DC" data-provider="allTestCases" finished-at="2026-03-10T14:53:58 ICT" duration-ms="3" status="PASS">
          <params>
            <param index="0">
              <value>
                <![CDATA[[com.example.Item@32e652b6]]]>
              </value>
            </param>
            <param index="1">
              <value is-null="true"/>
            </param>
            <param index="2">
              <value>
                <![CDATA[PLATINUM]]>
              </value>
            </param>
            <param index="3">
              <value>
                <![CDATA[MOMO]]>
              </value>
            </param>
            <param index="4">
              <value>
                <![CDATA[120000.0]]>
              </value>
            </param>
            <param index="5">
              <value>
                <![CDATA[P4: NoCoupon, PLATINUM, online]]>
              </value>
            </param>
          </params>
          <reporter-output>
          </reporter-output>
        </test-method> <!-- testCalculateTotal_DataProvider -->
        <test-method is-config="true" signature="setUp()[pri:0, instance:com.example.OrderProcessorTest@58b71ceb]" started-at="2026-03-10T14:53:58 ICT" name="setUp" finished-at="2026-03-10T14:53:58 ICT" duration-ms="0" status="PASS">
          <reporter-output>
          </reporter-output>
        </test-method> <!-- setUp -->
        <test-method signature="testCalculateTotal_DataProvider(java.util.List,java.lang.String,java.lang.String,java.lang.String,double,java.lang.String)[pri:0, instance:com.example.OrderProcessorTest@58b71ceb]" started-at="2026-03-10T14:53:58 ICT" name="testCalculateTotal_DataProvider" description="DataProvider: Basis Path + MC/DC" data-provider="allTestCases" finished-at="2026-03-10T14:53:58 ICT" duration-ms="2" status="PASS">
          <params>
            <param index="0">
              <value>
                <![CDATA[[com.example.Item@2aa7399c]]]>
              </value>
            </param>
            <param index="1">
              <value>
                <![CDATA[SALE10]]>
              </value>
            </param>
            <param index="2">
              <value>
                <![CDATA[NORMAL]]>
              </value>
            </param>
            <param index="3">
              <value>
                <![CDATA[MOMO]]>
              </value>
            </param>
            <param index="4">
              <value>
                <![CDATA[210000.0]]>
              </value>
            </param>
            <param index="5">
              <value>
                <![CDATA[P5: SALE10, NORMAL, online]]>
              </value>
            </param>
          </params>
          <reporter-output>
          </reporter-output>
        </test-method> <!-- testCalculateTotal_DataProvider -->
        <test-method is-config="true" signature="setUp()[pri:0, instance:com.example.OrderProcessorTest@58b71ceb]" started-at="2026-03-10T14:53:58 ICT" name="setUp" finished-at="2026-03-10T14:53:58 ICT" duration-ms="1" status="PASS">
          <reporter-output>
          </reporter-output>
        </test-method> <!-- setUp -->
        <test-method signature="testCalculateTotal_DataProvider(java.util.List,java.lang.String,java.lang.String,java.lang.String,double,java.lang.String)[pri:0, instance:com.example.OrderProcessorTest@58b71ceb]" started-at="2026-03-10T14:53:58 ICT" name="testCalculateTotal_DataProvider" description="DataProvider: Basis Path + MC/DC" data-provider="allTestCases" finished-at="2026-03-10T14:53:58 ICT" duration-ms="3" status="PASS">
          <params>
            <param index="0">
              <value>
                <![CDATA[[com.example.Item@19a31b9d]]]>
              </value>
            </param>
            <param index="1">
              <value>
                <![CDATA[SALE20]]>
              </value>
            </param>
            <param index="2">
              <value>
                <![CDATA[NORMAL]]>
              </value>
            </param>
            <param index="3">
              <value>
                <![CDATA[MOMO]]>
              </value>
            </param>
            <param index="4">
              <value>
                <![CDATA[190000.0]]>
              </value>
            </param>
            <param index="5">
              <value>
                <![CDATA[P6: SALE20, NORMAL, online]]>
              </value>
            </param>
          </params>
          <reporter-output>
          </reporter-output>
        </test-method> <!-- testCalculateTotal_DataProvider -->
        <test-method is-config="true" signature="setUp()[pri:0, instance:com.example.OrderProcessorTest@58b71ceb]" started-at="2026-03-10T14:53:58 ICT" name="setUp" finished-at="2026-03-10T14:53:58 ICT" duration-ms="0" status="PASS">
          <reporter-output>
          </reporter-output>
        </test-method> <!-- setUp -->
        <test-method signature="testCalculateTotal_DataProvider(java.util.List,java.lang.String,java.lang.String,java.lang.String,double,java.lang.String)[pri:0, instance:com.example.OrderProcessorTest@58b71ceb]" started-at="2026-03-10T14:53:58 ICT" name="testCalculateTotal_DataProvider" description="DataProvider: Basis Path + MC/DC" data-provider="allTestCases" finished-at="2026-03-10T14:53:58 ICT" duration-ms="3" status="PASS">
          <params>
            <param index="0">
              <value>
                <![CDATA[[com.example.Item@65eb76cd]]]>
              </value>
            </param>
            <param index="1">
              <value is-null="true"/>
            </param>
            <param index="2">
              <value>
                <![CDATA[NORMAL]]>
              </value>
            </param>
            <param index="3">
              <value>
                <![CDATA[MOMO]]>
              </value>
            </param>
            <param index="4">
              <value>
                <![CDATA[600000.0]]>
              </value>
            </param>
            <param index="5">
              <value>
                <![CDATA[P8: NoCoupon, ≥500K, free ship]]>
              </value>
            </param>
          </params>
          <reporter-output>
          </reporter-output>
        </test-method> <!-- testCalculateTotal_DataProvider -->
        <test-method is-config="true" signature="setUp()[pri:0, instance:com.example.OrderProcessorTest@58b71ceb]" started-at="2026-03-10T14:53:58 ICT" name="setUp" finished-at="2026-03-10T14:53:58 ICT" duration-ms="1" status="PASS">
          <reporter-output>
          </reporter-output>
        </test-method> <!-- setUp -->
        <test-method signature="testCalculateTotal_DataProvider(java.util.List,java.lang.String,java.lang.String,java.lang.String,double,java.lang.String)[pri:0, instance:com.example.OrderProcessorTest@58b71ceb]" started-at="2026-03-10T14:53:58 ICT" name="testCalculateTotal_DataProvider" description="DataProvider: Basis Path + MC/DC" data-provider="allTestCases" finished-at="2026-03-10T14:53:58 ICT" duration-ms="4" status="PASS">
          <params>
            <param index="0">
              <value>
                <![CDATA[[com.example.Item@5a0bef24]]]>
              </value>
            </param>
            <param index="1">
              <value is-null="true"/>
            </param>
            <param index="2">
              <value>
                <![CDATA[NORMAL]]>
              </value>
            </param>
            <param index="3">
              <value>
                <![CDATA[COD]]>
              </value>
            </param>
            <param index="4">
              <value>
                <![CDATA[120000.0]]>
              </value>
            </param>
            <param index="5">
              <value>
                <![CDATA[P9: NoCoupon, NORMAL, COD]]>
              </value>
            </param>
          </params>
          <reporter-output>
          </reporter-output>
        </test-method> <!-- testCalculateTotal_DataProvider -->
        <test-method is-config="true" signature="setUp()[pri:0, instance:com.example.OrderProcessorTest@58b71ceb]" started-at="2026-03-10T14:53:58 ICT" name="setUp" finished-at="2026-03-10T14:53:58 ICT" duration-ms="1" status="PASS">
          <reporter-output>
          </reporter-output>
        </test-method> <!-- setUp -->
        <test-method signature="testCalculateTotal_DataProvider(java.util.List,java.lang.String,java.lang.String,java.lang.String,double,java.lang.String)[pri:0, instance:com.example.OrderProcessorTest@58b71ceb]" started-at="2026-03-10T14:53:58 ICT" name="testCalculateTotal_DataProvider" description="DataProvider: Basis Path + MC/DC" data-provider="allTestCases" finished-at="2026-03-10T14:53:58 ICT" duration-ms="3" status="PASS">
          <params>
            <param index="0">
              <value>
                <![CDATA[[com.example.Item@4d68b571]]]>
              </value>
            </param>
            <param index="1">
              <value>
                <![CDATA[SALE10]]>
              </value>
            </param>
            <param index="2">
              <value>
                <![CDATA[NORMAL]]>
              </value>
            </param>
            <param index="3">
              <value>
                <![CDATA[MOMO]]>
              </value>
            </param>
            <param index="4">
              <value>
                <![CDATA[210000.0]]>
              </value>
            </param>
            <param index="5">
              <value>
                <![CDATA[MC1: A=T,B=T,C=T]]>
              </value>
            </param>
          </params>
          <reporter-output>
          </reporter-output>
        </test-method> <!-- testCalculateTotal_DataProvider -->
        <test-method is-config="true" signature="setUp()[pri:0, instance:com.example.OrderProcessorTest@58b71ceb]" started-at="2026-03-10T14:53:58 ICT" name="setUp" finished-at="2026-03-10T14:53:58 ICT" duration-ms="0" status="PASS">
          <reporter-output>
          </reporter-output>
        </test-method> <!-- setUp -->
        <test-method signature="testCalculateTotal_DataProvider(java.util.List,java.lang.String,java.lang.String,java.lang.String,double,java.lang.String)[pri:0, instance:com.example.OrderProcessorTest@58b71ceb]" started-at="2026-03-10T14:53:58 ICT" name="testCalculateTotal_DataProvider" description="DataProvider: Basis Path + MC/DC" data-provider="allTestCases" finished-at="2026-03-10T14:53:58 ICT" duration-ms="2" status="PASS">
          <params>
            <param index="0">
              <value>
                <![CDATA[[com.example.Item@6af91cc8]]]>
              </value>
            </param>
            <param index="1">
              <value>
                <![CDATA[SALE20]]>
              </value>
            </param>
            <param index="2">
              <value>
                <![CDATA[NORMAL]]>
              </value>
            </param>
            <param index="3">
              <value>
                <![CDATA[MOMO]]>
              </value>
            </param>
            <param index="4">
              <value>
                <![CDATA[190000.0]]>
              </value>
            </param>
            <param index="5">
              <value>
                <![CDATA[MC2: A=T,B=T,C=F]]>
              </value>
            </param>
          </params>
          <reporter-output>
          </reporter-output>
        </test-method> <!-- testCalculateTotal_DataProvider -->
        <test-method is-config="true" signature="setUp()[pri:0, instance:com.example.OrderProcessorTest@58b71ceb]" started-at="2026-03-10T14:53:58 ICT" name="setUp" finished-at="2026-03-10T14:53:58 ICT" duration-ms="2" status="PASS">
          <reporter-output>
          </reporter-output>
        </test-method> <!-- setUp -->
        <test-method signature="testCalculateTotal_DataProvider(java.util.List,java.lang.String,java.lang.String,java.lang.String,double,java.lang.String)[pri:0, instance:com.example.OrderProcessorTest@58b71ceb]" started-at="2026-03-10T14:53:58 ICT" name="testCalculateTotal_DataProvider" description="DataProvider: Basis Path + MC/DC" data-provider="allTestCases" finished-at="2026-03-10T14:53:58 ICT" duration-ms="3" status="PASS">
          <params>
            <param index="0">
              <value>
                <![CDATA[[com.example.Item@37d28f02]]]>
              </value>
            </param>
            <param index="1">
              <value>
                <![CDATA[]]>
              </value>
            </param>
            <param index="2">
              <value>
                <![CDATA[NORMAL]]>
              </value>
            </param>
            <param index="3">
              <value>
                <![CDATA[MOMO]]>
              </value>
            </param>
            <param index="4">
              <value>
                <![CDATA[230000.0]]>
              </value>
            </param>
            <param index="5">
              <value>
                <![CDATA[MC3: A=T,B=F]]>
              </value>
            </param>
          </params>
          <reporter-output>
          </reporter-output>
        </test-method> <!-- testCalculateTotal_DataProvider -->
        <test-method is-config="true" signature="setUp()[pri:0, instance:com.example.OrderProcessorTest@58b71ceb]" started-at="2026-03-10T14:53:58 ICT" name="setUp" finished-at="2026-03-10T14:53:58 ICT" duration-ms="0" status="PASS">
          <reporter-output>
          </reporter-output>
        </test-method> <!-- setUp -->
        <test-method signature="testCalculateTotal_DataProvider(java.util.List,java.lang.String,java.lang.String,java.lang.String,double,java.lang.String)[pri:0, instance:com.example.OrderProcessorTest@58b71ceb]" started-at="2026-03-10T14:53:58 ICT" name="testCalculateTotal_DataProvider" description="DataProvider: Basis Path + MC/DC" data-provider="allTestCases" finished-at="2026-03-10T14:53:58 ICT" duration-ms="3" status="PASS">
          <params>
            <param index="0">
              <value>
                <![CDATA[[com.example.Item@33f2df51]]]>
              </value>
            </param>
            <param index="1">
              <value is-null="true"/>
            </param>
            <param index="2">
              <value>
                <![CDATA[NORMAL]]>
              </value>
            </param>
            <param index="3">
              <value>
                <![CDATA[MOMO]]>
              </value>
            </param>
            <param index="4">
              <value>
                <![CDATA[230000.0]]>
              </value>
            </param>
            <param index="5">
              <value>
                <![CDATA[MC4: A=F]]>
              </value>
            </param>
          </params>
          <reporter-output>
          </reporter-output>
        </test-method> <!-- testCalculateTotal_DataProvider -->
        <test-method is-config="true" signature="setUp()[pri:0, instance:com.example.OrderProcessorTest@58b71ceb]" started-at="2026-03-10T14:53:58 ICT" name="setUp" finished-at="2026-03-10T14:53:58 ICT" duration-ms="1" status="PASS">
          <reporter-output>
          </reporter-output>
        </test-method> <!-- setUp -->
        <test-method signature="testMC1_AllTrue_SALE10()[pri:0, instance:com.example.OrderProcessorTest@58b71ceb]" started-at="2026-03-10T14:53:58 ICT" name="testMC1_AllTrue_SALE10" description="MC1: A=T, B=T, C=T — coupon=&#039;SALE10&#039; → D2&amp;&amp;D3=TRUE → 210,000" finished-at="2026-03-10T14:53:58 ICT" duration-ms="3" status="PASS">
          <reporter-output>
          </reporter-output>
        </test-method> <!-- testMC1_AllTrue_SALE10 -->
        <test-method is-config="true" signature="setUp()[pri:0, instance:com.example.OrderProcessorTest@58b71ceb]" started-at="2026-03-10T14:53:58 ICT" name="setUp" finished-at="2026-03-10T14:53:58 ICT" duration-ms="2" status="PASS">
          <reporter-output>
          </reporter-output>
        </test-method> <!-- setUp -->
        <test-method signature="testMC2_C_False_SALE20()[pri:0, instance:com.example.OrderProcessorTest@58b71ceb]" started-at="2026-03-10T14:53:58 ICT" name="testMC2_C_False_SALE20" description="MC2: A=T, B=T, C=F — coupon=&#039;SALE20&#039; → D3=FALSE → 190,000" finished-at="2026-03-10T14:53:58 ICT" duration-ms="2" status="PASS">
          <reporter-output>
          </reporter-output>
        </test-method> <!-- testMC2_C_False_SALE20 -->
        <test-method is-config="true" signature="setUp()[pri:0, instance:com.example.OrderProcessorTest@58b71ceb]" started-at="2026-03-10T14:53:58 ICT" name="setUp" finished-at="2026-03-10T14:53:58 ICT" duration-ms="0" status="PASS">
          <reporter-output>
          </reporter-output>
        </test-method> <!-- setUp -->
        <test-method signature="testMC3_B_False_EmptyCoupon()[pri:0, instance:com.example.OrderProcessorTest@58b71ceb]" started-at="2026-03-10T14:53:58 ICT" name="testMC3_B_False_EmptyCoupon" description="MC3: A=T, B=F — coupon=&#039;&#039; → D2=FALSE → 230,000" finished-at="2026-03-10T14:53:58 ICT" duration-ms="2" status="PASS">
          <reporter-output>
          </reporter-output>
        </test-method> <!-- testMC3_B_False_EmptyCoupon -->
        <test-method is-config="true" signature="setUp()[pri:0, instance:com.example.OrderProcessorTest@58b71ceb]" started-at="2026-03-10T14:53:58 ICT" name="setUp" finished-at="2026-03-10T14:53:58 ICT" duration-ms="1" status="PASS">
          <reporter-output>
          </reporter-output>
        </test-method> <!-- setUp -->
        <test-method signature="testMC4_A_False_NullCoupon()[pri:0, instance:com.example.OrderProcessorTest@58b71ceb]" started-at="2026-03-10T14:53:58 ICT" name="testMC4_A_False_NullCoupon" description="MC4: A=F — coupon=null → D2=FALSE → 230,000" finished-at="2026-03-10T14:53:58 ICT" duration-ms="2" status="PASS">
          <reporter-output>
          </reporter-output>
        </test-method> <!-- testMC4_A_False_NullCoupon -->
        <test-method is-config="true" signature="setUp()[pri:0, instance:com.example.OrderProcessorTest@58b71ceb]" started-at="2026-03-10T14:53:58 ICT" name="setUp" finished-at="2026-03-10T14:53:58 ICT" duration-ms="1" status="PASS">
          <reporter-output>
          </reporter-output>
        </test-method> <!-- setUp -->
        <test-method signature="testP1_ItemsNull()[pri:0, instance:com.example.OrderProcessorTest@58b71ceb]" started-at="2026-03-10T14:53:58 ICT" name="testP1_ItemsNull" description="P1: D1=T — items=null → exception" finished-at="2026-03-10T14:53:58 ICT" duration-ms="4" status="PASS">
          <reporter-output>
          </reporter-output>
        </test-method> <!-- testP1_ItemsNull -->
        <test-method is-config="true" signature="setUp()[pri:0, instance:com.example.OrderProcessorTest@58b71ceb]" started-at="2026-03-10T14:53:58 ICT" name="setUp" finished-at="2026-03-10T14:53:58 ICT" duration-ms="1" status="PASS">
          <reporter-output>
          </reporter-output>
        </test-method> <!-- setUp -->
        <test-method signature="testP1b_ItemsEmpty()[pri:0, instance:com.example.OrderProcessorTest@58b71ceb]" started-at="2026-03-10T14:53:58 ICT" name="testP1b_ItemsEmpty" description="P1b: D1=T — items rỗng → exception" finished-at="2026-03-10T14:53:58 ICT" duration-ms="2" status="PASS">
          <reporter-output>
          </reporter-output>
        </test-method> <!-- testP1b_ItemsEmpty -->
        <test-method is-config="true" signature="setUp()[pri:0, instance:com.example.OrderProcessorTest@58b71ceb]" started-at="2026-03-10T14:53:58 ICT" name="setUp" finished-at="2026-03-10T14:53:58 ICT" duration-ms="1" status="PASS">
          <reporter-output>
          </reporter-output>
        </test-method> <!-- setUp -->
        <test-method signature="testP2_NoCoupon_Gold_Online()[pri:0, instance:com.example.OrderProcessorTest@58b71ceb]" started-at="2026-03-10T14:53:58 ICT" name="testP2_NoCoupon_Gold_Online" description="P2: D2=F, D5=T(GOLD), D7=T, D8=T(online) → 125,000" finished-at="2026-03-10T14:53:58 ICT" duration-ms="1" status="PASS">
          <reporter-output>
          </reporter-output>
        </test-method> <!-- testP2_NoCoupon_Gold_Online -->
        <test-method is-config="true" signature="setUp()[pri:0, instance:com.example.OrderProcessorTest@58b71ceb]" started-at="2026-03-10T14:53:58 ICT" name="setUp" finished-at="2026-03-10T14:53:58 ICT" duration-ms="0" status="PASS">
          <reporter-output>
          </reporter-output>
        </test-method> <!-- setUp -->
        <test-method signature="testP3_NoCoupon_Normal_Online()[pri:0, instance:com.example.OrderProcessorTest@58b71ceb]" started-at="2026-03-10T14:53:58 ICT" name="testP3_NoCoupon_Normal_Online" description="P3: D2=F, D5=F, D6=F(NORMAL), D7=T, D8=T → 130,000" finished-at="2026-03-10T14:53:58 ICT" duration-ms="2" status="PASS">
          <reporter-output>
          </reporter-output>
        </test-method> <!-- testP3_NoCoupon_Normal_Online -->
        <test-method is-config="true" signature="setUp()[pri:0, instance:com.example.OrderProcessorTest@58b71ceb]" started-at="2026-03-10T14:53:58 ICT" name="setUp" finished-at="2026-03-10T14:53:58 ICT" duration-ms="2" status="PASS">
          <reporter-output>
          </reporter-output>
        </test-method> <!-- setUp -->
        <test-method signature="testP4_NoCoupon_Platinum_Online()[pri:0, instance:com.example.OrderProcessorTest@58b71ceb]" started-at="2026-03-10T14:53:58 ICT" name="testP4_NoCoupon_Platinum_Online" description="P4: D2=F, D6=T(PLATINUM), D7=T, D8=T → 120,000" finished-at="2026-03-10T14:53:58 ICT" duration-ms="1" status="PASS">
          <reporter-output>
          </reporter-output>
        </test-method> <!-- testP4_NoCoupon_Platinum_Online -->
        <test-method is-config="true" signature="setUp()[pri:0, instance:com.example.OrderProcessorTest@58b71ceb]" started-at="2026-03-10T14:53:58 ICT" name="setUp" finished-at="2026-03-10T14:53:58 ICT" duration-ms="1" status="PASS">
          <reporter-output>
          </reporter-output>
        </test-method> <!-- setUp -->
        <test-method signature="testP5_Sale10_Normal_Online()[pri:0, instance:com.example.OrderProcessorTest@58b71ceb]" started-at="2026-03-10T14:53:58 ICT" name="testP5_Sale10_Normal_Online" description="P5: D2=T, D3=T(SALE10), D6=F, D7=T, D8=T → 210,000" finished-at="2026-03-10T14:53:58 ICT" duration-ms="2" status="PASS">
          <reporter-output>
          </reporter-output>
        </test-method> <!-- testP5_Sale10_Normal_Online -->
        <test-method is-config="true" signature="setUp()[pri:0, instance:com.example.OrderProcessorTest@58b71ceb]" started-at="2026-03-10T14:53:58 ICT" name="setUp" finished-at="2026-03-10T14:53:58 ICT" duration-ms="1" status="PASS">
          <reporter-output>
          </reporter-output>
        </test-method> <!-- setUp -->
        <test-method signature="testP6_Sale20_Normal_Online()[pri:0, instance:com.example.OrderProcessorTest@58b71ceb]" started-at="2026-03-10T14:53:58 ICT" name="testP6_Sale20_Normal_Online" description="P6: D2=T, D3=F, D4=T(SALE20), D7=T, D8=T → 190,000" finished-at="2026-03-10T14:53:58 ICT" duration-ms="3" status="PASS">
          <reporter-output>
          </reporter-output>
        </test-method> <!-- testP6_Sale20_Normal_Online -->
        <test-method is-config="true" signature="setUp()[pri:0, instance:com.example.OrderProcessorTest@58b71ceb]" started-at="2026-03-10T14:53:58 ICT" name="setUp" finished-at="2026-03-10T14:53:58 ICT" duration-ms="0" status="PASS">
          <reporter-output>
          </reporter-output>
        </test-method> <!-- setUp -->
        <test-method signature="testP7_InvalidCoupon()[pri:0, instance:com.example.OrderProcessorTest@58b71ceb]" started-at="2026-03-10T14:53:58 ICT" name="testP7_InvalidCoupon" description="P7: D2=T, D3=F, D4=F — coupon invalid → exception" finished-at="2026-03-10T14:53:58 ICT" duration-ms="2" status="PASS">
          <reporter-output>
          </reporter-output>
        </test-method> <!-- testP7_InvalidCoupon -->
        <test-method is-config="true" signature="setUp()[pri:0, instance:com.example.OrderProcessorTest@58b71ceb]" started-at="2026-03-10T14:53:58 ICT" name="setUp" finished-at="2026-03-10T14:53:58 ICT" duration-ms="0" status="PASS">
          <reporter-output>
          </reporter-output>
        </test-method> <!-- setUp -->
        <test-method signature="testP8_FreeShipping()[pri:0, instance:com.example.OrderProcessorTest@58b71ceb]" started-at="2026-03-10T14:53:58 ICT" name="testP8_FreeShipping" description="P8: D2=F, D7=F(≥500K) → free ship = 600,000" finished-at="2026-03-10T14:53:58 ICT" duration-ms="2" status="PASS">
          <reporter-output>
          </reporter-output>
        </test-method> <!-- testP8_FreeShipping -->
        <test-method is-config="true" signature="setUp()[pri:0, instance:com.example.OrderProcessorTest@58b71ceb]" started-at="2026-03-10T14:53:58 ICT" name="setUp" finished-at="2026-03-10T14:53:58 ICT" duration-ms="1" status="PASS">
          <reporter-output>
          </reporter-output>
        </test-method> <!-- setUp -->
        <test-method signature="testP9_NoCoupon_Normal_COD()[pri:0, instance:com.example.OrderProcessorTest@58b71ceb]" started-at="2026-03-10T14:53:58 ICT" name="testP9_NoCoupon_Normal_COD" description="P9: D2=F, D7=T, D8=F(COD) → ship +20K = 120,000" finished-at="2026-03-10T14:53:58 ICT" duration-ms="3" status="PASS">
          <reporter-output>
          </reporter-output>
        </test-method> <!-- testP9_NoCoupon_Normal_COD -->
      </class> <!-- com.example.OrderProcessorTest -->
    </test> <!-- OrderProcessor - BasisPath + MC/DC -->
  </suite> <!-- Bai7 - Comprehensive Test Suite (Allure + JaCoCo) -->
</testng-results>
