<?xml version="1.0" encoding="UTF-8"?>
<!-- Generated by org.testng.reporters.JUnitReportReporter -->
<testsuite hostname="LAPTOP-C0262QM5" failures="0" tests="3" name="fpoly.LoginTest" time="6.520" errors="0" timestamp="2026-03-10T13:29:14 ICT" skipped="0">
  <testcase classname="fpoly.LoginTest" name="testLoginSuccess" time="2.703"/>
  <testcase classname="fpoly.LoginTest" name="testLoginWrongPassword" time="1.859"/>
  <testcase classname="fpoly.LoginTest" name="testLoginLockedUser" time="1.958"/>
</testsuite> <!-- fpoly.LoginTest -->
