<?xml version="1.0" encoding="UTF-8"?>
<!-- Generated by org.testng.reporters.JUnitReportReporter -->
<testsuite hostname="LAPTOP-C0262QM5" failures="0" tests="10" name="com.example.VayVonMCDCTest" time="0.015" errors="0" timestamp="2026-03-10T14:21:41 ICT" skipped="0">
  <testcase classname="com.example.VayVonMCDCTest" name="testMCDC_Base_TatCaDieuKienCoBanVaBaoDam" time="0.010"/>
  <testcase classname="com.example.VayVonMCDCTest" name="testMCDC_DataProvider" time="0.000"/>
  <testcase classname="com.example.VayVonMCDCTest" name="testMCDC_ThuNhapDocLap_ThapHon10M" time="0.001"/>
  <testcase classname="com.example.VayVonMCDCTest" name="testMCDC_DienTinDungDocLap_CaoDu" time="0.001"/>
  <testcase classname="com.example.VayVonMCDCTest" name="testMCDC_DataProvider" time="0.000"/>
  <testcase classname="com.example.VayVonMCDCTest" name="testMCDC_DataProvider" time="0.000"/>
  <testcase classname="com.example.VayVonMCDCTest" name="testMCDC_TuoiDocLap_ThapHon22" time="0.000"/>
  <testcase classname="com.example.VayVonMCDCTest" name="testMCDC_DataProvider" time="0.001"/>
  <testcase classname="com.example.VayVonMCDCTest" name="testMCDC_KhongTaiSan_TinDungThap" time="0.001"/>
  <testcase classname="com.example.VayVonMCDCTest" name="testMCDC_DataProvider" time="0.001"/>
</testsuite> <!-- com.example.VayVonMCDCTest -->
