<?xml version="1.0" encoding="UTF-8"?>
<!-- Generated by org.testng.reporters.JUnitReportReporter -->
<testsuite hostname="LAPTOP-C0262QM5" failures="0" tests="18" name="tests.LoginExcelDDTTest" time="84.431" errors="0" timestamp="2026-03-17T14:48:48 ICT" skipped="0">
  <testcase classname="tests.LoginExcelDDTTest" name="testLoginFromAllSheets" time="5.938"/>
  <testcase classname="tests.LoginExcelDDTTest" name="testLoginFromSmokeSheet" time="4.370"/>
  <testcase classname="tests.LoginExcelDDTTest" name="testLoginFromSmokeSheet" time="4.217"/>
  <testcase classname="tests.LoginExcelDDTTest" name="testLoginFromSmokeSheet" time="4.333"/>
  <testcase classname="tests.LoginExcelDDTTest" name="testLoginFromAllSheets" time="3.853"/>
  <testcase classname="tests.LoginExcelDDTTest" name="testLoginFromAllSheets" time="5.211"/>
  <testcase classname="tests.LoginExcelDDTTest" name="testLoginFromSmokeSheet" time="6.357"/>
  <testcase classname="tests.LoginExcelDDTTest" name="testLoginFromAllSheets" time="5.715"/>
  <testcase classname="tests.LoginExcelDDTTest" name="testLoginFromAllSheets" time="3.544"/>
  <testcase classname="tests.LoginExcelDDTTest" name="testLoginFromAllSheets" time="3.341"/>
  <testcase classname="tests.LoginExcelDDTTest" name="testLoginFromAllSheets" time="4.298"/>
  <testcase classname="tests.LoginExcelDDTTest" name="testLoginFromAllSheets" time="3.699"/>
  <testcase classname="tests.LoginExcelDDTTest" name="testLoginFromAllSheets" time="3.772"/>
  <testcase classname="tests.LoginExcelDDTTest" name="testLoginFromAllSheets" time="5.718"/>
  <testcase classname="tests.LoginExcelDDTTest" name="testLoginFromAllSheets" time="6.068"/>
  <testcase classname="tests.LoginExcelDDTTest" name="testLoginFromSmokeSheet" time="3.907"/>
  <testcase classname="tests.LoginExcelDDTTest" name="testLoginFromAllSheets" time="5.889"/>
  <testcase classname="tests.LoginExcelDDTTest" name="testLoginFromSmokeSheet" time="4.201"/>
</testsuite> <!-- tests.LoginExcelDDTTest -->
