<?xml version="1.0" encoding="UTF-8"?>
<!-- Generated by org.testng.reporters.JUnitXMLReporter -->
<testsuite ignored="0" hostname="LAPTOP-C0262QM5" failures="0" tests="5" name="Login Tests" time="11.586" errors="0" timestamp="2026-03-10T13:13:55 ICT">
  <testcase classname="com.example.LoginTest" name="testLoginSuccess" time="0.412"/>
  <testcase classname="com.example.LoginTest" name="testLoginWrongPassword" time="0.307"/>
  <testcase classname="com.example.LoginTest" name="testLoginEmptyUsername" time="0.348"/>
  <testcase classname="com.example.LoginTest" name="testLoginEmptyPassword" time="0.364"/>
  <testcase classname="com.example.LoginTest" name="testLoginLockedUser" time="0.274"/>
</testsuite> <!-- Login Tests -->
