<?xml version="1.0" encoding="UTF-8"?>
<!-- Generated by org.testng.reporters.JUnitXMLReporter -->
<testsuite ignored="0" hostname="LAPTOP-C0262QM5" failures="0" tests="3" name="Login Tests" time="6.553" errors="0" timestamp="2026-03-10T13:29:06 ICT">
  <testcase classname="fpoly.LoginTest" name="testLoginLockedUser" time="0.307"/>
  <testcase classname="fpoly.LoginTest" name="testLoginSuccess" time="0.347"/>
  <testcase classname="fpoly.LoginTest" name="testLoginWrongPassword" time="0.243"/>
</testsuite> <!-- Login Tests -->
