<?xml version="1.0" encoding="UTF-8"?>
<testng-results ignored="0" total="10" passed="10" failed="0" skipped="0">
  <reporter-output>
  </reporter-output>
  <suite started-at="2026-03-10T14:21:41 ICT" name="Bai5 - MC/DC Condition Coverage" finished-at="2026-03-10T14:21:41 ICT" duration-ms="115">
    <groups>
    </groups>
    <test started-at="2026-03-10T14:21:41 ICT" name="MC/DC Tests - duDieuKienVay" finished-at="2026-03-10T14:21:41 ICT" duration-ms="115">
      <class name="com.example.VayVonMCDCTest">
        <test-method signature="testMCDC_Base_TatCaDieuKienCoBanVaBaoDam()[pri:0, instance:com.example.VayVonMCDCTest@12e61fe6]" started-at="2026-03-10T14:21:41 ICT" name="testMCDC_Base_TatCaDieuKienCoBanVaBaoDam" description="MC/DC Base: tuoi=25(&gt;=22), thuNhap=15M(&gt;=10M), coTaiSan=true, dienTD=600(&lt;700) → TRUE" finished-at="2026-03-10T14:21:41 ICT" duration-ms="10" status="PASS">
          <reporter-output>
          </reporter-output>
        </test-method> <!-- testMCDC_Base_TatCaDieuKienCoBanVaBaoDam -->
        <test-method signature="testMCDC_DataProvider(int,double,boolean,int,boolean,java.lang.String)[pri:0, instance:com.example.VayVonMCDCTest@12e61fe6]" started-at="2026-03-10T14:21:41 ICT" name="testMCDC_DataProvider" description="MC/DC DataProvider: chạy tất cả 5 TC từ bảng MC/DC" data-provider="mcdcData" finished-at="2026-03-10T14:21:41 ICT" duration-ms="1" status="PASS">
          <params>
            <param index="0">
              <value>
                <![CDATA[25]]>
              </value>
            </param>
            <param index="1">
              <value>
                <![CDATA[1.5E7]]>
              </value>
            </param>
            <param index="2">
              <value>
                <![CDATA[true]]>
              </value>
            </param>
            <param index="3">
              <value>
                <![CDATA[600]]>
              </value>
            </param>
            <param index="4">
              <value>
                <![CDATA[true]]>
              </value>
            </param>
            <param index="5">
              <value>
                <![CDATA[Row2: Base (A=T,B=T,C=T,D=F) → TRUE]]>
              </value>
            </param>
          </params>
          <reporter-output>
          </reporter-output>
        </test-method> <!-- testMCDC_DataProvider -->
        <test-method signature="testMCDC_DataProvider(int,double,boolean,int,boolean,java.lang.String)[pri:0, instance:com.example.VayVonMCDCTest@12e61fe6]" started-at="2026-03-10T14:21:41 ICT" name="testMCDC_DataProvider" description="MC/DC DataProvider: chạy tất cả 5 TC từ bảng MC/DC" data-provider="mcdcData" finished-at="2026-03-10T14:21:41 ICT" duration-ms="0" status="PASS">
          <params>
            <param index="0">
              <value>
                <![CDATA[25]]>
              </value>
            </param>
            <param index="1">
              <value>
                <![CDATA[1.5E7]]>
              </value>
            </param>
            <param index="2">
              <value>
                <![CDATA[false]]>
              </value>
            </param>
            <param index="3">
              <value>
                <![CDATA[750]]>
              </value>
            </param>
            <param index="4">
              <value>
                <![CDATA[true]]>
              </value>
            </param>
            <param index="5">
              <value>
                <![CDATA[Row3: D-True base (A=T,B=T,C=F,D=T) → TRUE]]>
              </value>
            </param>
          </params>
          <reporter-output>
          </reporter-output>
        </test-method> <!-- testMCDC_DataProvider -->
        <test-method signature="testMCDC_DataProvider(int,double,boolean,int,boolean,java.lang.String)[pri:0, instance:com.example.VayVonMCDCTest@12e61fe6]" started-at="2026-03-10T14:21:41 ICT" name="testMCDC_DataProvider" description="MC/DC DataProvider: chạy tất cả 5 TC từ bảng MC/DC" data-provider="mcdcData" finished-at="2026-03-10T14:21:41 ICT" duration-ms="0" status="PASS">
          <params>
            <param index="0">
              <value>
                <![CDATA[25]]>
              </value>
            </param>
            <param index="1">
              <value>
                <![CDATA[1.5E7]]>
              </value>
            </param>
            <param index="2">
              <value>
                <![CDATA[false]]>
              </value>
            </param>
            <param index="3">
              <value>
                <![CDATA[600]]>
              </value>
            </param>
            <param index="4">
              <value>
                <![CDATA[false]]>
              </value>
            </param>
            <param index="5">
              <value>
                <![CDATA[Row4: C-F & D-F pair (A=T,B=T,C=F,D=F) → FALSE]]>
              </value>
            </param>
          </params>
          <reporter-output>
          </reporter-output>
        </test-method> <!-- testMCDC_DataProvider -->
        <test-method signature="testMCDC_DataProvider(int,double,boolean,int,boolean,java.lang.String)[pri:0, instance:com.example.VayVonMCDCTest@12e61fe6]" started-at="2026-03-10T14:21:41 ICT" name="testMCDC_DataProvider" description="MC/DC DataProvider: chạy tất cả 5 TC từ bảng MC/DC" data-provider="mcdcData" finished-at="2026-03-10T14:21:41 ICT" duration-ms="0" status="PASS">
          <params>
            <param index="0">
              <value>
                <![CDATA[25]]>
              </value>
            </param>
            <param index="1">
              <value>
                <![CDATA[5000000.0]]>
              </value>
            </param>
            <param index="2">
              <value>
                <![CDATA[true]]>
              </value>
            </param>
            <param index="3">
              <value>
                <![CDATA[600]]>
              </value>
            </param>
            <param index="4">
              <value>
                <![CDATA[false]]>
              </value>
            </param>
            <param index="5">
              <value>
                <![CDATA[Row6: B-DocLap pair (A=T,B=F,C=T,D=F) → FALSE]]>
              </value>
            </param>
          </params>
          <reporter-output>
          </reporter-output>
        </test-method> <!-- testMCDC_DataProvider -->
        <test-method signature="testMCDC_DataProvider(int,double,boolean,int,boolean,java.lang.String)[pri:0, instance:com.example.VayVonMCDCTest@12e61fe6]" started-at="2026-03-10T14:21:41 ICT" name="testMCDC_DataProvider" description="MC/DC DataProvider: chạy tất cả 5 TC từ bảng MC/DC" data-provider="mcdcData" finished-at="2026-03-10T14:21:41 ICT" duration-ms="1" status="PASS">
          <params>
            <param index="0">
              <value>
                <![CDATA[20]]>
              </value>
            </param>
            <param index="1">
              <value>
                <![CDATA[1.5E7]]>
              </value>
            </param>
            <param index="2">
              <value>
                <![CDATA[true]]>
              </value>
            </param>
            <param index="3">
              <value>
                <![CDATA[600]]>
              </value>
            </param>
            <param index="4">
              <value>
                <![CDATA[false]]>
              </value>
            </param>
            <param index="5">
              <value>
                <![CDATA[Row10: A-DocLap pair (A=F,B=T,C=T,D=F) → FALSE]]>
              </value>
            </param>
          </params>
          <reporter-output>
          </reporter-output>
        </test-method> <!-- testMCDC_DataProvider -->
        <test-method signature="testMCDC_DienTinDungDocLap_CaoDu()[pri:0, instance:com.example.VayVonMCDCTest@12e61fe6]" started-at="2026-03-10T14:21:41 ICT" name="testMCDC_DienTinDungDocLap_CaoDu" description="MC/DC D-True: tuoi=25, thuNhap=15M, coTaiSan=false, dienTD=750(&gt;=700) → TRUE" finished-at="2026-03-10T14:21:41 ICT" duration-ms="1" status="PASS">
          <reporter-output>
          </reporter-output>
        </test-method> <!-- testMCDC_DienTinDungDocLap_CaoDu -->
        <test-method signature="testMCDC_KhongTaiSan_TinDungThap()[pri:0, instance:com.example.VayVonMCDCTest@12e61fe6]" started-at="2026-03-10T14:21:41 ICT" name="testMCDC_KhongTaiSan_TinDungThap" description="MC/DC C-False &amp; D-False: tuoi=25, thuNhap=15M, coTaiSan=false, dienTD=600 → FALSE" finished-at="2026-03-10T14:21:41 ICT" duration-ms="1" status="PASS">
          <reporter-output>
          </reporter-output>
        </test-method> <!-- testMCDC_KhongTaiSan_TinDungThap -->
        <test-method signature="testMCDC_ThuNhapDocLap_ThapHon10M()[pri:0, instance:com.example.VayVonMCDCTest@12e61fe6]" started-at="2026-03-10T14:21:41 ICT" name="testMCDC_ThuNhapDocLap_ThapHon10M" description="MC/DC B-DocLap: tuoi=25, thuNhap=5M(&lt;10M), coTaiSan=true, dienTD=600 → FALSE" finished-at="2026-03-10T14:21:41 ICT" duration-ms="1" status="PASS">
          <reporter-output>
          </reporter-output>
        </test-method> <!-- testMCDC_ThuNhapDocLap_ThapHon10M -->
        <test-method signature="testMCDC_TuoiDocLap_ThapHon22()[pri:0, instance:com.example.VayVonMCDCTest@12e61fe6]" started-at="2026-03-10T14:21:41 ICT" name="testMCDC_TuoiDocLap_ThapHon22" description="MC/DC A-DocLap: tuoi=20(&lt;22), thuNhap=15M, coTaiSan=true, dienTD=600 → FALSE" finished-at="2026-03-10T14:21:41 ICT" duration-ms="0" status="PASS">
          <reporter-output>
          </reporter-output>
        </test-method> <!-- testMCDC_TuoiDocLap_ThapHon22 -->
      </class> <!-- com.example.VayVonMCDCTest -->
    </test> <!-- MC/DC Tests - duDieuKienVay -->
  </suite> <!-- Bai5 - MC/DC Condition Coverage -->
</testng-results>
