<?xml version="1.0" encoding="UTF-8"?>
<testng-results ignored="0" total="8" passed="8" failed="0" skipped="0">
  <reporter-output>
  </reporter-output>
  <suite started-at="2026-03-10T14:07:57 ICT" name="Bai4 - Path Coverage va Cyclomatic Complexity" finished-at="2026-03-10T14:07:57 ICT" duration-ms="45">
    <groups>
    </groups>
    <test started-at="2026-03-10T14:07:57 ICT" name="Bai 4.2 - PhiShip Basis Path Test" finished-at="2026-03-10T14:07:57 ICT" duration-ms="45">
      <class name="com.example.PhiShipBasisPathTest">
        <test-method signature="testPath1_InvalidWeight()[pri:0, instance:com.example.PhiShipBasisPathTest@78aab498]" started-at="2026-03-10T14:07:57 ICT" name="testPath1_InvalidWeight" description="Path 1: Trọng lượng không hợp lệ (trongLuong &lt;= 0)" finished-at="2026-03-10T14:07:57 ICT" duration-ms="10" status="PASS">
          <reporter-output>
          </reporter-output>
        </test-method> <!-- testPath1_InvalidWeight -->
        <test-method signature="testPath2_NoiThanhNheKhongMember()[pri:0, instance:com.example.PhiShipBasisPathTest@78aab498]" started-at="2026-03-10T14:07:57 ICT" name="testPath2_NoiThanhNheKhongMember" description="Path 2: Nội thành, &lt;= 5kg, không member" finished-at="2026-03-10T14:07:57 ICT" duration-ms="0" status="PASS">
          <reporter-output>
          </reporter-output>
        </test-method> <!-- testPath2_NoiThanhNheKhongMember -->
        <test-method signature="testPath3_NoiThanhNangKhongMember()[pri:0, instance:com.example.PhiShipBasisPathTest@78aab498]" started-at="2026-03-10T14:07:57 ICT" name="testPath3_NoiThanhNangKhongMember" description="Path 3: Nội thành, &gt; 5kg, không member" finished-at="2026-03-10T14:07:57 ICT" duration-ms="0" status="PASS">
          <reporter-output>
          </reporter-output>
        </test-method> <!-- testPath3_NoiThanhNangKhongMember -->
        <test-method signature="testPath4_NgoaiThanhNheKhongMember()[pri:0, instance:com.example.PhiShipBasisPathTest@78aab498]" started-at="2026-03-10T14:07:57 ICT" name="testPath4_NgoaiThanhNheKhongMember" description="Path 4: Ngoại thành, &lt;= 3kg, không member" finished-at="2026-03-10T14:07:57 ICT" duration-ms="1" status="PASS">
          <reporter-output>
          </reporter-output>
        </test-method> <!-- testPath4_NgoaiThanhNheKhongMember -->
        <test-method signature="testPath5_NgoaiThanhNangKhongMember()[pri:0, instance:com.example.PhiShipBasisPathTest@78aab498]" started-at="2026-03-10T14:07:57 ICT" name="testPath5_NgoaiThanhNangKhongMember" description="Path 5: Ngoại thành, &gt; 3kg, không member" finished-at="2026-03-10T14:07:57 ICT" duration-ms="1" status="PASS">
          <reporter-output>
          </reporter-output>
        </test-method> <!-- testPath5_NgoaiThanhNangKhongMember -->
        <test-method signature="testPath6_TinhKhacNheKhongMember()[pri:0, instance:com.example.PhiShipBasisPathTest@78aab498]" started-at="2026-03-10T14:07:57 ICT" name="testPath6_TinhKhacNheKhongMember" description="Path 6: Tỉnh khác, &lt;= 2kg, không member" finished-at="2026-03-10T14:07:57 ICT" duration-ms="1" status="PASS">
          <reporter-output>
          </reporter-output>
        </test-method> <!-- testPath6_TinhKhacNheKhongMember -->
        <test-method signature="testPath7_TinhKhacNangKhongMember()[pri:0, instance:com.example.PhiShipBasisPathTest@78aab498]" started-at="2026-03-10T14:07:57 ICT" name="testPath7_TinhKhacNangKhongMember" description="Path 7: Tỉnh khác, &gt; 2kg, không member" finished-at="2026-03-10T14:07:57 ICT" duration-ms="0" status="PASS">
          <reporter-output>
          </reporter-output>
        </test-method> <!-- testPath7_TinhKhacNangKhongMember -->
        <test-method signature="testPath8_TinhKhacNheMember()[pri:0, instance:com.example.PhiShipBasisPathTest@78aab498]" started-at="2026-03-10T14:07:57 ICT" name="testPath8_TinhKhacNheMember" description="Path 8: Tỉnh khác, &lt;= 2kg, là member (giảm 10%)" finished-at="2026-03-10T14:07:57 ICT" duration-ms="0" status="PASS">
          <reporter-output>
          </reporter-output>
        </test-method> <!-- testPath8_TinhKhacNheMember -->
      </class> <!-- com.example.PhiShipBasisPathTest -->
    </test> <!-- Bai 4.2 - PhiShip Basis Path Test -->
  </suite> <!-- Bai4 - Path Coverage va Cyclomatic Complexity -->
</testng-results>
