<?xml version="1.0" encoding="UTF-8"?>
<!-- Generated by org.testng.reporters.JUnitReportReporter -->
<testsuite hostname="LAPTOP-C0262QM5" failures="0" tests="5" name="tests.CartTest" time="39.074" errors="0" timestamp="2026-03-17T13:33:39 ICT" skipped="0">
  <testcase classname="tests.CartTest" name="emptyCartShouldReturnZero" time="8.220"/>
  <testcase classname="tests.CartTest" name="addItemByNameShouldAppearInCart" time="8.823"/>
  <testcase classname="tests.CartTest" name="fluentChainShouldWork" time="8.356"/>
  <testcase classname="tests.CartTest" name="addItemByNameShouldAppearInCart" time="5.105"/>
  <testcase classname="tests.CartTest" name="removeFirstItemShouldNotThrowAndCanCheckout" time="8.570"/>
</testsuite> <!-- tests.CartTest -->
