<?xml version="1.0" encoding="UTF-8"?>
<testsuite xmlns:xsi="http://www.w3.org/2001/XMLSchema-instance" xsi:noNamespaceSchemaLocation="https://maven.apache.org/surefire/maven-surefire-plugin/xsd/surefire-test-report-3.0.xsd" version="3.0" name="TestSuite" time="86.447" tests="44" errors="0" skipped="0" failures="0">
  <properties>
[...]
</properties>
  <testcase name="testB1_OnlySpaces" classname="com.example.PhoneValidatorTest" time="0.022">
    <system-err><![CDATA[SLF4J: Failed to load class "org.slf4j.impl.StaticLoggerBinder".
SLF4J: Defaulting to no-operation (NOP) logger implementation
SLF4J: See http://www.slf4j.org/codes.html#StaticLoggerBinder for further details.
]]></system-err>
  </testcase>
  <testcase name="testB2_ValidWithSpaces" classname="com.example.PhoneValidatorTest" time="0.0"/>
  <testcase name="testB3_Plus84InvalidPrefix" classname="com.example.PhoneValidatorTest" time="0.0"/>
  <testcase name="testB4_TooLong" classname="com.example.PhoneValidatorTest" time="0.0"/>
  <testcase name="testB5_OnlyPlus84" classname="com.example.PhoneValidatorTest" time="0.0"/>
  <testcase name="testB6_Prefix03" classname="com.example.PhoneValidatorTest" time="0.0"/>
  <testcase name="testB7_Prefix05" classname="com.example.PhoneValidatorTest" time="0.0"/>
  <testcase name="testB8_Prefix07" classname="com.example.PhoneValidatorTest" time="0.001"/>
  <testcase name="testB9_Prefix08" classname="com.example.PhoneValidatorTest" time="0.0"/>
  <testcase name="testP1_NullInput" classname="com.example.PhoneValidatorTest" time="0.0"/>
  <testcase name="testP1b_EmptyInput" classname="com.example.PhoneValidatorTest" time="0.0"/>
  <testcase name="testP2_InvalidChars" classname="com.example.PhoneValidatorTest" time="0.0"/>
  <testcase name="testP3_NotStartWith0Or84" classname="com.example.PhoneValidatorTest" time="0.001"/>
  <testcase name="testP4_WrongLength" classname="com.example.PhoneValidatorTest" time="0.0"/>
  <testcase name="testP5_InvalidPrefix" classname="com.example.PhoneValidatorTest" time="0.0"/>
  <testcase name="testP6_ValidStartWith0" classname="com.example.PhoneValidatorTest" time="0.0"/>
  <testcase name="testP7_ValidStartWith84" classname="com.example.PhoneValidatorTest" time="0.001"/>
  <testcase name="testPhoneValidator_DataProvider[null, false, P1: null](1)" classname="com.example.PhoneValidatorTest" time="0.0"/>
  <testcase name="testPhoneValidator_DataProvider[, false, P1b: empty](2)" classname="com.example.PhoneValidatorTest" time="0.0"/>
  <testcase name="testPhoneValidator_DataProvider[09abc12345, false, P2: invalid chars](3)" classname="com.example.PhoneValidatorTest" time="0.0"/>
  <testcase name="testPhoneValidator_DataProvider[1234567890, false, P3: not start 0/+84](4)" classname="com.example.PhoneValidatorTest" time="0.001"/>
  <testcase name="testPhoneValidator_DataProvider[091234567, false, P4: wrong length](5)" classname="com.example.PhoneValidatorTest" time="0.0"/>
  <testcase name="testPhoneValidator_DataProvider[0112345678, false, P5: invalid prefix 01](6)" classname="com.example.PhoneValidatorTest" time="0.001"/>
  <testcase name="testPhoneValidator_DataProvider[0912345678, true, P6: valid 09x](7)" classname="com.example.PhoneValidatorTest" time="0.001"/>
  <testcase name="testPhoneValidator_DataProvider[+84912345678, true, P7: valid +84](8)" classname="com.example.PhoneValidatorTest" time="0.0"/>
  <testcase name="testPhoneValidator_DataProvider[   , false, B1: only spaces](9)" classname="com.example.PhoneValidatorTest" time="0.0"/>
  <testcase name="testPhoneValidator_DataProvider[091 234 5678, true, B2: valid with spaces](10)" classname="com.example.PhoneValidatorTest" time="0.0"/>
  <testcase name="testPhoneValidator_DataProvider[+84112345678, false, B3: +84 invalid prefix](11)" classname="com.example.PhoneValidatorTest" time="0.0"/>
  <testcase name="testPhoneValidator_DataProvider[09123456789, false, B4: too long](12)" classname="com.example.PhoneValidatorTest" time="0.0"/>
  <testcase name="testPhoneValidator_DataProvider[+84, false, B5: only +84](13)" classname="com.example.PhoneValidatorTest" time="0.0"/>
  <testcase name="testPhoneValidator_DataProvider[0312345678, true, B6: prefix 03](14)" classname="com.example.PhoneValidatorTest" time="0.0"/>
  <testcase name="testPhoneValidator_DataProvider[0512345678, true, B7: prefix 05](15)" classname="com.example.PhoneValidatorTest" time="0.0"/>
  <testcase name="testPhoneValidator_DataProvider[0712345678, true, B8: prefix 07](16)" classname="com.example.PhoneValidatorTest" time="0.003"/>
  <testcase name="testPhoneValidator_DataProvider[0812345678, true, B9: prefix 08](17)" classname="com.example.PhoneValidatorTest" time="0.001"/>
  <testcase name="testAllEmpty" classname="com.example.TextBoxWhiteBoxTest" time="0.152">
    <system-err><![CDATA[thg 3 10, 2026 2:40:56 CH org.openqa.selenium.devtools.CdpVersionFinder findNearestMatch
WARNING: Unable to find CDP implementation matching 145
thg 3 10, 2026 2:40:56 CH org.openqa.selenium.chromium.ChromiumDriver lambda$new$5
WARNING: Unable to find version of CDP to use for 145.0.7632.160. You may need to include a dependency on a specific version of the CDP using something similar to `org.seleniumhq.selenium:selenium-devtools-v86:4.15.0` where the version ("v86") matches the version of the chromium-based browser you're using and the version number of the artifact is the same as Selenium's.
]]></system-err>
  </testcase>
  <testcase name="testEmailOnlyAt" classname="com.example.TextBoxWhiteBoxTest" time="0.528">
    <system-err><![CDATA[thg 3 10, 2026 2:41:01 CH org.openqa.selenium.devtools.CdpVersionFinder findNearestMatch
WARNING: Unable to find CDP implementation matching 145
thg 3 10, 2026 2:41:01 CH org.openqa.selenium.chromium.ChromiumDriver lambda$new$5
WARNING: Unable to find version of CDP to use for 145.0.7632.160. You may need to include a dependency on a specific version of the CDP using something similar to `org.seleniumhq.selenium:selenium-devtools-v86:4.15.0` where the version ("v86") matches the version of the chromium-based browser you're using and the version number of the artifact is the same as Selenium's.
]]></system-err>
  </testcase>
  <testcase name="testEmailWithSpace" classname="com.example.TextBoxWhiteBoxTest" time="0.415">
    <system-err><![CDATA[thg 3 10, 2026 2:41:11 CH org.openqa.selenium.devtools.CdpVersionFinder findNearestMatch
WARNING: Unable to find CDP implementation matching 145
thg 3 10, 2026 2:41:11 CH org.openqa.selenium.chromium.ChromiumDriver lambda$new$5
WARNING: Unable to find version of CDP to use for 145.0.7632.160. You may need to include a dependency on a specific version of the CDP using something similar to `org.seleniumhq.selenium:selenium-devtools-v86:4.15.0` where the version ("v86") matches the version of the chromium-based browser you're using and the version number of the artifact is the same as Selenium's.
]]></system-err>
  </testcase>
  <testcase name="testEmptyEmail_ValidSubmit" classname="com.example.TextBoxWhiteBoxTest" time="0.447">
    <system-err><![CDATA[thg 3 10, 2026 2:41:20 CH org.openqa.selenium.devtools.CdpVersionFinder findNearestMatch
WARNING: Unable to find CDP implementation matching 145
thg 3 10, 2026 2:41:20 CH org.openqa.selenium.chromium.ChromiumDriver lambda$new$5
WARNING: Unable to find version of CDP to use for 145.0.7632.160. You may need to include a dependency on a specific version of the CDP using something similar to `org.seleniumhq.selenium:selenium-devtools-v86:4.15.0` where the version ("v86") matches the version of the chromium-based browser you're using and the version number of the artifact is the same as Selenium's.
]]></system-err>
  </testcase>
  <testcase name="testInvalidEmail_IncompleteDomain" classname="com.example.TextBoxWhiteBoxTest" time="0.487">
    <system-err><![CDATA[thg 3 10, 2026 2:41:30 CH org.openqa.selenium.devtools.CdpVersionFinder findNearestMatch
WARNING: Unable to find CDP implementation matching 145
thg 3 10, 2026 2:41:30 CH org.openqa.selenium.chromium.ChromiumDriver lambda$new$5
WARNING: Unable to find version of CDP to use for 145.0.7632.160. You may need to include a dependency on a specific version of the CDP using something similar to `org.seleniumhq.selenium:selenium-devtools-v86:4.15.0` where the version ("v86") matches the version of the chromium-based browser you're using and the version number of the artifact is the same as Selenium's.
]]></system-err>
  </testcase>
  <testcase name="testInvalidEmail_NoAt" classname="com.example.TextBoxWhiteBoxTest" time="0.481">
    <system-err><![CDATA[thg 3 10, 2026 2:41:39 CH org.openqa.selenium.devtools.CdpVersionFinder findNearestMatch
WARNING: Unable to find CDP implementation matching 145
thg 3 10, 2026 2:41:39 CH org.openqa.selenium.chromium.ChromiumDriver lambda$new$5
WARNING: Unable to find version of CDP to use for 145.0.7632.160. You may need to include a dependency on a specific version of the CDP using something similar to `org.seleniumhq.selenium:selenium-devtools-v86:4.15.0` where the version ("v86") matches the version of the chromium-based browser you're using and the version number of the artifact is the same as Selenium's.
]]></system-err>
  </testcase>
  <testcase name="testLongName" classname="com.example.TextBoxWhiteBoxTest" time="0.797">
    <system-err><![CDATA[thg 3 10, 2026 2:41:49 CH org.openqa.selenium.devtools.CdpVersionFinder findNearestMatch
WARNING: Unable to find CDP implementation matching 145
thg 3 10, 2026 2:41:49 CH org.openqa.selenium.chromium.ChromiumDriver lambda$new$5
WARNING: Unable to find version of CDP to use for 145.0.7632.160. You may need to include a dependency on a specific version of the CDP using something similar to `org.seleniumhq.selenium:selenium-devtools-v86:4.15.0` where the version ("v86") matches the version of the chromium-based browser you're using and the version number of the artifact is the same as Selenium's.
]]></system-err>
  </testcase>
  <testcase name="testOnlyValidEmail" classname="com.example.TextBoxWhiteBoxTest" time="0.519">
    <system-err><![CDATA[thg 3 10, 2026 2:41:59 CH org.openqa.selenium.devtools.CdpVersionFinder findNearestMatch
WARNING: Unable to find CDP implementation matching 145
thg 3 10, 2026 2:41:59 CH org.openqa.selenium.chromium.ChromiumDriver lambda$new$5
WARNING: Unable to find version of CDP to use for 145.0.7632.160. You may need to include a dependency on a specific version of the CDP using something similar to `org.seleniumhq.selenium:selenium-devtools-v86:4.15.0` where the version ("v86") matches the version of the chromium-based browser you're using and the version number of the artifact is the same as Selenium's.
]]></system-err>
  </testcase>
  <testcase name="testSpecialCharsInName" classname="com.example.TextBoxWhiteBoxTest" time="0.649">
    <system-err><![CDATA[thg 3 10, 2026 2:42:08 CH org.openqa.selenium.devtools.CdpVersionFinder findNearestMatch
WARNING: Unable to find CDP implementation matching 145
thg 3 10, 2026 2:42:08 CH org.openqa.selenium.chromium.ChromiumDriver lambda$new$5
WARNING: Unable to find version of CDP to use for 145.0.7632.160. You may need to include a dependency on a specific version of the CDP using something similar to `org.seleniumhq.selenium:selenium-devtools-v86:4.15.0` where the version ("v86") matches the version of the chromium-based browser you're using and the version number of the artifact is the same as Selenium's.
]]></system-err>
  </testcase>
  <testcase name="testValidFullData" classname="com.example.TextBoxWhiteBoxTest" time="0.801">
    <system-err><![CDATA[thg 3 10, 2026 2:42:14 CH org.openqa.selenium.devtools.CdpVersionFinder findNearestMatch
WARNING: Unable to find CDP implementation matching 145
thg 3 10, 2026 2:42:14 CH org.openqa.selenium.chromium.ChromiumDriver lambda$new$5
WARNING: Unable to find version of CDP to use for 145.0.7632.160. You may need to include a dependency on a specific version of the CDP using something similar to `org.seleniumhq.selenium:selenium-devtools-v86:4.15.0` where the version ("v86") matches the version of the chromium-based browser you're using and the version number of the artifact is the same as Selenium's.
]]></system-err>
  </testcase>
</testsuite>