<?xml version="1.0" encoding="UTF-8"?>
<!-- Generated by org.testng.reporters.JUnitReportReporter -->
<testsuite hostname="LAPTOP-C0262QM5" failures="0" tests="5" name="tests.LoginTest" time="52.043" errors="0" timestamp="2026-03-17T13:33:39 ICT" skipped="0">
  <testcase classname="tests.LoginTest" name="loginWithJsonData" time="10.185"/>
  <testcase classname="tests.LoginTest" name="loginExpectingFailureShouldReturnErrorMessage" time="9.944"/>
  <testcase classname="tests.LoginTest" name="loginWithJsonData" time="10.705"/>
  <testcase classname="tests.LoginTest" name="loginSuccessShouldNavigateToInventory" time="10.630"/>
  <testcase classname="tests.LoginTest" name="loginWithJsonData" time="10.579"/>
</testsuite> <!-- tests.LoginTest -->
