<?xml version="1.0" encoding="UTF-8"?>
<!-- Generated by org.testng.reporters.JUnitXMLReporter -->
<testsuite ignored="0" hostname="LAPTOP-C0262QM5" failures="0" tests="15" name="Regression-From-All-Sheets" time="51.352" errors="0" timestamp="2026-03-17T14:48:48 ICT">
  <testcase classname="tests.LoginExcelDDTTest" name="testLoginFromAllSheets" time="1.693"/>
  <testcase classname="tests.LoginExcelDDTTest" name="testLoginFromSmokeSheet" time="1.876"/>
  <testcase classname="tests.LoginExcelDDTTest" name="testLoginFromAllSheets" time="1.983"/>
  <testcase classname="tests.LoginExcelDDTTest" name="testLoginFromSmokeSheet" time="1.998"/>
  <testcase classname="tests.LoginExcelDDTTest" name="testLoginFromAllSheets" time="1.563"/>
  <testcase classname="tests.LoginExcelDDTTest" name="testLoginFromSmokeSheet" time="1.49"/>
  <testcase classname="tests.LoginExcelDDTTest" name="testLoginFromAllSheets" time="1.235"/>
  <testcase classname="tests.LoginExcelDDTTest" name="testLoginFromAllSheets" time="1.706"/>
  <testcase classname="tests.LoginExcelDDTTest" name="testLoginFromAllSheets" time="1.482"/>
  <testcase classname="tests.LoginExcelDDTTest" name="testLoginFromAllSheets" time="1.392"/>
  <testcase classname="tests.LoginExcelDDTTest" name="testLoginFromAllSheets" time="1.439"/>
  <testcase classname="tests.LoginExcelDDTTest" name="testLoginFromAllSheets" time="1.225"/>
  <testcase classname="tests.LoginExcelDDTTest" name="testLoginFromAllSheets" time="1.438"/>
  <testcase classname="tests.LoginExcelDDTTest" name="testLoginFromAllSheets" time="1.327"/>
  <testcase classname="tests.LoginExcelDDTTest" name="testLoginFromAllSheets" time="1.186"/>
</testsuite> <!-- Regression-From-All-Sheets -->
