<?xml version="1.0" encoding="UTF-8"?>
<!-- Generated by org.testng.reporters.JUnitXMLReporter -->
<testsuite ignored="1" hostname="LAPTOP-C0262QM5" failures="0" tests="3" name="Smoke-Only-From-SmokeCases-Sheet" time="15.775" errors="0" timestamp="2026-03-17T14:47:57 ICT">
  <testcase classname="tests.LoginExcelDDTTest" name="testLoginFromSmokeSheet" time="1.601"/>
  <testcase classname="tests.LoginExcelDDTTest" name="testLoginFromSmokeSheet" time="1.427"/>
  <testcase classname="tests.LoginExcelDDTTest" name="testLoginFromSmokeSheet" time="1.568"/>
  <testcase classname="tests.LoginExcelDDTTest" name="testLoginFromAllSheets" time="0.0">
    <ignored/>
  </testcase> <!-- testLoginFromAllSheets -->
</testsuite> <!-- Smoke-Only-From-SmokeCases-Sheet -->
