<?xml version="1.0" encoding="UTF-8"?>
<testsuite xmlns:xsi="http://www.w3.org/2001/XMLSchema-instance" xsi:noNamespaceSchemaLocation="https://maven.apache.org/surefire/maven-surefire-plugin/xsd/surefire-test-report-3.0.xsd" version="3.0" name="com.shopvn.validator.RegistrationValidatorTest" time="0.201" tests="60" errors="0" skipped="0" failures="0">
  <properties>
[...]
</properties>
  <testcase name="TC_REG_EP_001_formHopLeHoanToan" classname="com.shopvn.validator.RegistrationValidatorTest" time="0.046"/>
  <testcase name="TC_REG_EP_002_hoTenTrong" classname="com.shopvn.validator.RegistrationValidatorTest" time="0.002"/>
  <testcase name="TC_REG_EP_003_hoTenChuaSo" classname="com.shopvn.validator.RegistrationValidatorTest" time="0.001"/>
  <testcase name="TC_REG_EP_004_hoTenChuaKyTuDacBiet" classname="com.shopvn.validator.RegistrationValidatorTest" time="0.001"/>
  <testcase name="TC_REG_EP_005_hoTenHopLeTiengViet" classname="com.shopvn.validator.RegistrationValidatorTest" time="0.002"/>
  <testcase name="TC_REG_BVA_001_hoTen1KyTu" classname="com.shopvn.validator.RegistrationValidatorTest" time="0.001"/>
  <testcase name="TC_REG_BVA_002_hoTen2KyTu" classname="com.shopvn.validator.RegistrationValidatorTest" time="0.001"/>
  <testcase name="TC_REG_BVA_003_hoTen3KyTu" classname="com.shopvn.validator.RegistrationValidatorTest" time="0.001"/>
  <testcase name="TC_REG_BVA_004_hoTen49KyTu" classname="com.shopvn.validator.RegistrationValidatorTest" time="0.0"/>
  <testcase name="TC_REG_BVA_005_hoTen50KyTu" classname="com.shopvn.validator.RegistrationValidatorTest" time="0.001"/>
  <testcase name="TC_REG_BVA_006_hoTen51KyTu" classname="com.shopvn.validator.RegistrationValidatorTest" time="0.001"/>
  <testcase name="TC_REG_EP_006_tenDangNhapHopLe" classname="com.shopvn.validator.RegistrationValidatorTest" time="0.002"/>
  <testcase name="TC_REG_EP_007_tenDangNhapBatDauBangSo" classname="com.shopvn.validator.RegistrationValidatorTest" time="0.001"/>
  <testcase name="TC_REG_EP_008_tenDangNhapChuaHoa" classname="com.shopvn.validator.RegistrationValidatorTest" time="0.001"/>
  <testcase name="TC_REG_BVA_007_tenDangNhap4KyTu" classname="com.shopvn.validator.RegistrationValidatorTest" time="0.001"/>
  <testcase name="TC_REG_BVA_008_tenDangNhap5KyTu" classname="com.shopvn.validator.RegistrationValidatorTest" time="0.002"/>
  <testcase name="TC_REG_BVA_009_tenDangNhap6KyTu" classname="com.shopvn.validator.RegistrationValidatorTest" time="0.002"/>
  <testcase name="TC_REG_BVA_010_tenDangNhap20KyTu" classname="com.shopvn.validator.RegistrationValidatorTest" time="0.0"/>
  <testcase name="TC_REG_BVA_011_tenDangNhap21KyTu" classname="com.shopvn.validator.RegistrationValidatorTest" time="0.002"/>
  <testcase name="TC_REG_EP_009_emailHopLe" classname="com.shopvn.validator.RegistrationValidatorTest" time="0.001"/>
  <testcase name="TC_REG_EP_010_emailThieuAtSign" classname="com.shopvn.validator.RegistrationValidatorTest" time="0.001"/>
  <testcase name="TC_REG_EP_011_emailThieuDomain" classname="com.shopvn.validator.RegistrationValidatorTest" time="0.002"/>
  <testcase name="TC_REG_SPEC_001_emailDaTonTai" classname="com.shopvn.validator.RegistrationValidatorTest" time="0.001"/>
  <testcase name="TC_REG_EP_012_soDienThoaiHopLe" classname="com.shopvn.validator.RegistrationValidatorTest" time="0.001"/>
  <testcase name="TC_REG_EP_013_sdtKhongBatDauBang0" classname="com.shopvn.validator.RegistrationValidatorTest" time="0.001"/>
  <testcase name="TC_REG_EP_014_sdt9ChuSo" classname="com.shopvn.validator.RegistrationValidatorTest" time="0.002"/>
  <testcase name="TC_REG_EP_015_sdt11ChuSo" classname="com.shopvn.validator.RegistrationValidatorTest" time="0.0"/>
  <testcase name="TC_REG_EP_016_matKhauHopLe" classname="com.shopvn.validator.RegistrationValidatorTest" time="0.001"/>
  <testcase name="TC_REG_EP_017_matKhauThieuChuHoa" classname="com.shopvn.validator.RegistrationValidatorTest" time="0.0"/>
  <testcase name="TC_REG_EP_018_matKhauThieuChuThuong" classname="com.shopvn.validator.RegistrationValidatorTest" time="0.001"/>
  <testcase name="TC_REG_EP_019_matKhauThieuSo" classname="com.shopvn.validator.RegistrationValidatorTest" time="0.0"/>
  <testcase name="TC_REG_EP_020_matKhauThieuKyTuDacBiet" classname="com.shopvn.validator.RegistrationValidatorTest" time="0.001"/>
  <testcase name="TC_REG_BVA_012_matKhau7KyTu" classname="com.shopvn.validator.RegistrationValidatorTest" time="0.002"/>
  <testcase name="TC_REG_BVA_013_matKhau8KyTu" classname="com.shopvn.validator.RegistrationValidatorTest" time="0.002"/>
  <testcase name="TC_REG_BVA_014_matKhau9KyTu" classname="com.shopvn.validator.RegistrationValidatorTest" time="0.0"/>
  <testcase name="TC_REG_BVA_015_matKhau32KyTu" classname="com.shopvn.validator.RegistrationValidatorTest" time="0.001"/>
  <testcase name="TC_REG_BVA_016_matKhau33KyTu" classname="com.shopvn.validator.RegistrationValidatorTest" time="0.001"/>
  <testcase name="TC_REG_SPEC_002_xacNhanMatKhauKhongKhop" classname="com.shopvn.validator.RegistrationValidatorTest" time="0.001"/>
  <testcase name="TC_REG_SPEC_003_xacNhanMatKhauKhop" classname="com.shopvn.validator.RegistrationValidatorTest" time="0.001"/>
  <testcase name="TC_REG_BVA_017_ngaySinh16Tuoi" classname="com.shopvn.validator.RegistrationValidatorTest" time="0.001"/>
  <testcase name="TC_REG_BVA_018_ngaySinh15Tuoi" classname="com.shopvn.validator.RegistrationValidatorTest" time="0.001"/>
  <testcase name="TC_REG_BVA_019_ngaySinh99Tuoi" classname="com.shopvn.validator.RegistrationValidatorTest" time="0.001"/>
  <testcase name="TC_REG_BVA_020_ngaySinh100Tuoi" classname="com.shopvn.validator.RegistrationValidatorTest" time="0.002"/>
  <testcase name="TC_REG_EP_021_ngaySinhSaiDinhDang" classname="com.shopvn.validator.RegistrationValidatorTest" time="0.0"/>
  <testcase name="TC_REG_EP_022_ngaySinhTrong" classname="com.shopvn.validator.RegistrationValidatorTest" time="0.001"/>
  <testcase name="TC_REG_SPEC_004_maGioiThieuHopLe" classname="com.shopvn.validator.RegistrationValidatorTest" time="0.0"/>
  <testcase name="TC_REG_SPEC_005_maGioiThieuSaiFormat" classname="com.shopvn.validator.RegistrationValidatorTest" time="0.0"/>
  <testcase name="TC_REG_SPEC_006_maGioiThieuKhongTonTai" classname="com.shopvn.validator.RegistrationValidatorTest" time="0.001"/>
  <testcase name="TC_REG_SPEC_007_chuaDongYDieuKhoan" classname="com.shopvn.validator.RegistrationValidatorTest" time="0.004"/>
  <testcase name="TC_REG_SPEC_008_tenDangNhapDaTonTai" classname="com.shopvn.validator.RegistrationValidatorTest" time="0.001"/>
  <testcase name="TC_REG_EP_023_emailTrong" classname="com.shopvn.validator.RegistrationValidatorTest" time="0.001"/>
  <testcase name="TC_REG_EP_024_sdtChuaChuCai" classname="com.shopvn.validator.RegistrationValidatorTest" time="0.001"/>
  <testcase name="TC_REG_SPEC_009_nhieuTruongLoiCungLuc" classname="com.shopvn.validator.RegistrationValidatorTest" time="0.002"/>
  <testcase name="TC_REG_EP_025_matKhauTrong" classname="com.shopvn.validator.RegistrationValidatorTest" time="0.002"/>
  <testcase name="TC_REG_EP_026_gioiTinhHopLe" classname="com.shopvn.validator.RegistrationValidatorTest" time="0.002"/>
  <testcase name="TC_REG_EP_027_gioiTinhKhongHopLe" classname="com.shopvn.validator.RegistrationValidatorTest" time="0.0"/>
  <testcase name="TC_REG_SPEC_010_maGioiThieuTrong" classname="com.shopvn.validator.RegistrationValidatorTest" time="0.0"/>
  <testcase name="TC_REG_EP_028_tenDangNhapTrong" classname="com.shopvn.validator.RegistrationValidatorTest" time="0.0"/>
  <testcase name="TC_REG_EP_029_soDienThoaiTrong" classname="com.shopvn.validator.RegistrationValidatorTest" time="0.001"/>
  <testcase name="TC_REG_SPEC_011_xacNhanMatKhauTrong" classname="com.shopvn.validator.RegistrationValidatorTest" time="0.001"/>
</testsuite>