<?xml version="1.0" encoding="UTF-8"?>
<!-- Generated by org.testng.reporters.JUnitXMLReporter -->
<testsuite ignored="0" hostname="LAPTOP-C0262QM5" failures="1" tests="1" name="Flaky Test With Retry" time="0.066" errors="0" timestamp="2026-03-17T15:02:33 ICT">
  <testcase classname="tests.FlakySimulationTest" name="flakyScenario" time="0.004">
    <failure type="java.lang.AssertionError" message="Mo phong loi mang tam thoi - lan 1">
      <![CDATA[java.lang.AssertionError: Mo phong loi mang tam thoi - lan 1
at tests.FlakySimulationTest.flakyScenario(FlakySimulationTest.java:18)
at java.base/java.util.ArrayList.forEach(ArrayList.java:1511)
... Removed 32 stack frames]]>
    </failure>
  </testcase> <!-- flakyScenario -->
</testsuite> <!-- Flaky Test With Retry -->
