<?xml version="1.0" encoding="UTF-8"?>
<!-- Generated by org.testng.reporters.JUnitReportReporter -->
<testsuite hostname="LAPTOP-C0262QM5" failures="0" tests="25" name="com.example.OrderProcessorTest" time="0.142" errors="0" timestamp="2026-03-10T14:53:58 ICT" skipped="0">
  <testcase classname="com.example.OrderProcessorTest" name="testCalculateTotal_DataProvider" time="0.003"/>
  <testcase classname="com.example.OrderProcessorTest" name="testCalculateTotal_DataProvider" time="0.004"/>
  <testcase classname="com.example.OrderProcessorTest" name="testCalculateTotal_DataProvider" time="0.003"/>
  <testcase classname="com.example.OrderProcessorTest" name="testCalculateTotal_DataProvider" time="0.003"/>
  <testcase classname="com.example.OrderProcessorTest" name="testCalculateTotal_DataProvider" time="0.004"/>
  <testcase classname="com.example.OrderProcessorTest" name="testP2_NoCoupon_Gold_Online" time="0.002"/>
  <testcase classname="com.example.OrderProcessorTest" name="testP9_NoCoupon_Normal_COD" time="0.021"/>
  <testcase classname="com.example.OrderProcessorTest" name="testMC3_B_False_EmptyCoupon" time="0.003"/>
  <testcase classname="com.example.OrderProcessorTest" name="testCalculateTotal_DataProvider" time="0.005"/>
  <testcase classname="com.example.OrderProcessorTest" name="testCalculateTotal_DataProvider" time="0.004"/>
  <testcase classname="com.example.OrderProcessorTest" name="testP8_FreeShipping" time="0.003"/>
  <testcase classname="com.example.OrderProcessorTest" name="testCalculateTotal_DataProvider" time="0.046"/>
  <testcase classname="com.example.OrderProcessorTest" name="testP7_InvalidCoupon" time="0.002"/>
  <testcase classname="com.example.OrderProcessorTest" name="testCalculateTotal_DataProvider" time="0.002"/>
  <testcase classname="com.example.OrderProcessorTest" name="testP4_NoCoupon_Platinum_Online" time="0.002"/>
  <testcase classname="com.example.OrderProcessorTest" name="testP6_Sale20_Normal_Online" time="0.004"/>
  <testcase classname="com.example.OrderProcessorTest" name="testP3_NoCoupon_Normal_Online" time="0.003"/>
  <testcase classname="com.example.OrderProcessorTest" name="testP5_Sale10_Normal_Online" time="0.004"/>
  <testcase classname="com.example.OrderProcessorTest" name="testMC1_AllTrue_SALE10" time="0.005"/>
  <testcase classname="com.example.OrderProcessorTest" name="testMC4_A_False_NullCoupon" time="0.002"/>
  <testcase classname="com.example.OrderProcessorTest" name="testP1_ItemsNull" time="0.005"/>
  <testcase classname="com.example.OrderProcessorTest" name="testP1b_ItemsEmpty" time="0.004"/>
  <testcase classname="com.example.OrderProcessorTest" name="testMC2_C_False_SALE20" time="0.003"/>
  <testcase classname="com.example.OrderProcessorTest" name="testCalculateTotal_DataProvider" time="0.003"/>
  <testcase classname="com.example.OrderProcessorTest" name="testCalculateTotal_DataProvider" time="0.002"/>
</testsuite> <!-- com.example.OrderProcessorTest -->
