<?xml version="1.0" encoding="UTF-8"?>
<!-- Generated by org.testng.reporters.JUnitXMLReporter -->
<testsuite ignored="0" hostname="LAPTOP-C0262QM5" failures="0" tests="8" name="Bai 4.2 - PhiShip Basis Path Test" time="0.045" errors="0" timestamp="2026-03-10T14:07:57 ICT">
  <testcase classname="com.example.PhiShipBasisPathTest" name="testPath1_InvalidWeight" time="0.01"/>
  <testcase classname="com.example.PhiShipBasisPathTest" name="testPath2_NoiThanhNheKhongMember" time="0.0"/>
  <testcase classname="com.example.PhiShipBasisPathTest" name="testPath3_NoiThanhNangKhongMember" time="0.0"/>
  <testcase classname="com.example.PhiShipBasisPathTest" name="testPath4_NgoaiThanhNheKhongMember" time="0.001"/>
  <testcase classname="com.example.PhiShipBasisPathTest" name="testPath5_NgoaiThanhNangKhongMember" time="0.001"/>
  <testcase classname="com.example.PhiShipBasisPathTest" name="testPath6_TinhKhacNheKhongMember" time="0.001"/>
  <testcase classname="com.example.PhiShipBasisPathTest" name="testPath7_TinhKhacNangKhongMember" time="0.0"/>
  <testcase classname="com.example.PhiShipBasisPathTest" name="testPath8_TinhKhacNheMember" time="0.0"/>
</testsuite> <!-- Bai 4.2 - PhiShip Basis Path Test -->
